Using pre-set license
Built from '2020.3/staging' branch; Version is '2020.3.10f1 (297d780c91bc) revision 2719096'; Using compiler version '192528614'; Build Type 'Release'
OS: 'Windows 10 Home; OS build 19044.1766; Version 2009; 64bit' Language: 'en' Physical Memory: 16325 MB
BatchMode: 1, IsHumanControllingUs: 0, StartBugReporterOnCrash: 0, Is64bit: 1, IsPro: 0

 COMMAND LINE ARGUMENTS:
C:\Program Files\Unity\Hub\Editor\2020.3.10f1\Editor\Unity.exe
-adb2
-batchMode
-noUpm
-name
AssetImportWorker0
-projectPath
C:/Users/alexs/Documents/UnityProjects/MonsterCatcher/MonsterCatcher_Game
-logFile
Logs/AssetImportWorker0.log
-srvPort
50013
Successfully changed project path to: C:/Users/alexs/Documents/UnityProjects/MonsterCatcher/MonsterCatcher_Game
C:/Users/alexs/Documents/UnityProjects/MonsterCatcher/MonsterCatcher_Game
Using Asset Import Pipeline V2.
Refreshing native plugins compatible for Editor in 61.47 ms, found 3 plugins.
Preloading 0 native plugins for Editor in 0.00 ms.
Initialize engine version: 2020.3.10f1 (297d780c91bc)
[Subsystems] Discovering subsystems at path C:/Program Files/Unity/Hub/Editor/2020.3.10f1/Editor/Data/Resources/UnitySubsystems
[Subsystems] Discovering subsystems at path C:/Users/alexs/Documents/UnityProjects/MonsterCatcher/MonsterCatcher_Game/Assets
GfxDevice: creating device client; threaded=0
Direct3D:
    Version:  Direct3D 11.0 [level 11.1]
    Renderer: NVIDIA GeForce RTX 2070 SUPER (ID=0x1e84)
    Vendor:   
    VRAM:     8011 MB
    Driver:   30.0.15.1259
Initialize mono
Mono path[0] = 'C:/Program Files/Unity/Hub/Editor/2020.3.10f1/Editor/Data/Managed'
Mono path[1] = 'C:/Program Files/Unity/Hub/Editor/2020.3.10f1/Editor/Data/MonoBleedingEdge/lib/mono/unityjit'
Mono config path = 'C:/Program Files/Unity/Hub/Editor/2020.3.10f1/Editor/Data/MonoBleedingEdge/etc'
Using monoOptions --debugger-agent=transport=dt_socket,embedding=1,server=y,suspend=n,address=127.0.0.1:56980
Begin MonoManager ReloadAssembly
Registering precompiled unity dll's ...
Register platform support module: C:/Program Files/Unity/Hub/Editor/2020.3.10f1/Editor/Data/PlaybackEngines/WebGLSupport/UnityEditor.WebGL.Extensions.dll
Register platform support module: C:/Program Files/Unity/Hub/Editor/2020.3.10f1/Editor/Data/PlaybackEngines/WindowsStandaloneSupport/UnityEditor.WindowsStandalone.Extensions.dll
Registered in 0.001981 seconds.
Native extension for WindowsStandalone target not found
Native extension for WebGL target not found
Refreshing native plugins compatible for Editor in 86.89 ms, found 3 plugins.
Preloading 0 native plugins for Editor in 0.00 ms.
Mono: successfully reloaded assembly
- Completed reload, in  1.697 seconds
Platform modules already initialized, skipping
Registering precompiled user dll's ...
Registered in 0.005393 seconds.
Begin MonoManager ReloadAssembly
Native extension for WindowsStandalone target not found
Native extension for WebGL target not found
Refreshing native plugins compatible for Editor in 89.09 ms, found 3 plugins.
Preloading 0 native plugins for Editor in 0.00 ms.
Mono: successfully reloaded assembly
- Completed reload, in  1.753 seconds
Platform modules already initialized, skipping
========================================================================
Worker process is ready to serve import requests
Launched and connected shader compiler UnityShaderCompiler.exe after 0.03 seconds
Refreshing native plugins compatible for Editor in 0.73 ms, found 3 plugins.
Preloading 0 native plugins for Editor in 0.00 ms.
Unloading 2596 Unused Serialized files (Serialized files now loaded: 0)
System memory in use before: 106.5 MB.
System memory in use after: 106.7 MB.

Unloading 64 unused Assets to reduce memory usage. Loaded Objects now: 3005.
Total: 5.711700 ms (FindLiveObjects: 0.255000 ms CreateObjectMapping: 0.122300 ms MarkObjects: 5.262200 ms  DeleteObjects: 0.071100 ms)

========================================================================
Received Import Request.
  path: Assets/Scripts/Player Functionalities/Creatures.cs
  artifactKey: Guid(fda61de5f06628347ad1408c5dad94bf) Importer(815301076,1909f56bfc062723c751e8b465ee728b)
Start importing Assets/Scripts/Player Functionalities/Creatures.cs using Guid(fda61de5f06628347ad1408c5dad94bf) Importer(815301076,1909f56bfc062723c751e8b465ee728b)  -> (artifact id: 'b90f08b59c7a3e6d5cf78ebd7907c35a') in 0.026438 seconds
  Import took 0.029702 seconds .

========================================================================
Received Import Request.
  Time since last request: 1.296169 seconds.
  path: Assets/Scripts/Player Functionalities/CreatureParty.cs
  artifactKey: Guid(c710a75d4c9590f49bbc6dd4a1ff88fb) Importer(815301076,1909f56bfc062723c751e8b465ee728b)
Start importing Assets/Scripts/Player Functionalities/CreatureParty.cs using Guid(c710a75d4c9590f49bbc6dd4a1ff88fb) Importer(815301076,1909f56bfc062723c751e8b465ee728b)  -> (artifact id: '07e7182001411c1d98ab933b7e772b06') in 0.006000 seconds
  Import took 0.009669 seconds .

========================================================================
Received Import Request.
  Time since last request: 0.022014 seconds.
  path: Assets/Scripts/Player Functionalities/CreatureParty.cs
  artifactKey: Guid(c710a75d4c9590f49bbc6dd4a1ff88fb) Importer(815301076,1909f56bfc062723c751e8b465ee728b)
Start importing Assets/Scripts/Player Functionalities/CreatureParty.cs using Guid(c710a75d4c9590f49bbc6dd4a1ff88fb) Importer(815301076,1909f56bfc062723c751e8b465ee728b)  -> (artifact id: '07e7182001411c1d98ab933b7e772b06') in 0.002357 seconds
  Import took 0.006120 seconds .

========================================================================
Received Import Request.
  Time since last request: 0.472590 seconds.
  path: Assets/Scripts/Player Functionalities/CreatureInfo.cs
  artifactKey: Guid(6e2af2793e34952479495c9b3d01604d) Importer(815301076,1909f56bfc062723c751e8b465ee728b)
Start importing Assets/Scripts/Player Functionalities/CreatureInfo.cs using Guid(6e2af2793e34952479495c9b3d01604d) Importer(815301076,1909f56bfc062723c751e8b465ee728b)  -> (artifact id: 'eee8898d60a4f846fb5d45a7c9e639a4') in 0.005677 seconds
  Import took 0.009376 seconds .

========================================================================
Received Import Request.
  Time since last request: 0.928077 seconds.
  path: Assets/Scripts/Player Functionalities/Catch.cs
  artifactKey: Guid(5d5373576e3b8e942b1a5387d0aafa16) Importer(815301076,1909f56bfc062723c751e8b465ee728b)
Start importing Assets/Scripts/Player Functionalities/Catch.cs using Guid(5d5373576e3b8e942b1a5387d0aafa16) Importer(815301076,1909f56bfc062723c751e8b465ee728b)  -> (artifact id: '732fd2ffebd4c577926fb1c946c0a9c9') in 0.017101 seconds
  Import took 0.025096 seconds .

========================================================================
Received Import Request.
  Time since last request: 1.853938 seconds.
  path: Assets/Scripts/Player Functionalities/IFunctionInteract.cs
  artifactKey: Guid(df4be6caf50e00540ac1411ac288af1c) Importer(815301076,1909f56bfc062723c751e8b465ee728b)
Start importing Assets/Scripts/Player Functionalities/IFunctionInteract.cs using Guid(df4be6caf50e00540ac1411ac288af1c) Importer(815301076,1909f56bfc062723c751e8b465ee728b)  -> (artifact id: 'e957a31263a15af27f636106ee2ccf00') in 0.004964 seconds
  Import took 0.009009 seconds .

========================================================================
Received Import Request.
  Time since last request: 5.079045 seconds.
  path: Assets/Scripts/Player Functionalities/MainCharacterController.cs
  artifactKey: Guid(4179dc3b39ca378439cc6dfb1c4322e4) Importer(815301076,1909f56bfc062723c751e8b465ee728b)
Start importing Assets/Scripts/Player Functionalities/MainCharacterController.cs using Guid(4179dc3b39ca378439cc6dfb1c4322e4) Importer(815301076,1909f56bfc062723c751e8b465ee728b)  -> (artifact id: '3bbf382b2dc44fc1c922ee96f2952c74') in 0.005457 seconds
  Import took 0.008837 seconds .

========================================================================
Received Prepare
Registering precompiled user dll's ...
Registered in 0.005176 seconds.
Begin MonoManager ReloadAssembly
Native extension for WindowsStandalone target not found
Native extension for WebGL target not found
Refreshing native plugins compatible for Editor in 0.67 ms, found 3 plugins.
Preloading 0 native plugins for Editor in 0.00 ms.
Mono: successfully reloaded assembly
- Completed reload, in  0.879 seconds
Platform modules already initialized, skipping
Refreshing native plugins compatible for Editor in 0.67 ms, found 3 plugins.
Preloading 0 native plugins for Editor in 0.00 ms.
Unloading 2586 Unused Serialized files (Serialized files now loaded: 0)
System memory in use before: 106.1 MB.
System memory in use after: 106.3 MB.

Unloading 52 unused Assets to reduce memory usage. Loaded Objects now: 3009.
Total: 4.768500 ms (FindLiveObjects: 0.195200 ms CreateObjectMapping: 0.092000 ms MarkObjects: 4.456400 ms  DeleteObjects: 0.024000 ms)

========================================================================
Received Import Request.
  Time since last request: 299.636778 seconds.
  path: Assets/Scripts/Player Functionalities/MainCharacterController.cs
  artifactKey: Guid(4179dc3b39ca378439cc6dfb1c4322e4) Importer(815301076,1909f56bfc062723c751e8b465ee728b)
Start importing Assets/Scripts/Player Functionalities/MainCharacterController.cs using Guid(4179dc3b39ca378439cc6dfb1c4322e4) Importer(815301076,1909f56bfc062723c751e8b465ee728b)  -> (artifact id: '5d3e2c9b681493557d6e4375a3d7d742') in 0.004076 seconds
  Import took 0.006921 seconds .

========================================================================
Received Prepare
Registering precompiled user dll's ...
Registered in 0.004436 seconds.
Begin MonoManager ReloadAssembly
Native extension for WindowsStandalone target not found
Native extension for WebGL target not found
Refreshing native plugins compatible for Editor in 0.72 ms, found 3 plugins.
Preloading 0 native plugins for Editor in 0.00 ms.
Mono: successfully reloaded assembly
- Completed reload, in  0.954 seconds
Platform modules already initialized, skipping
Refreshing native plugins compatible for Editor in 0.71 ms, found 3 plugins.
Preloading 0 native plugins for Editor in 0.00 ms.
Unloading 2586 Unused Serialized files (Serialized files now loaded: 0)
System memory in use before: 106.2 MB.
System memory in use after: 106.4 MB.

Unloading 52 unused Assets to reduce memory usage. Loaded Objects now: 3013.
Total: 5.620300 ms (FindLiveObjects: 0.216500 ms CreateObjectMapping: 0.121400 ms MarkObjects: 5.255100 ms  DeleteObjects: 0.026500 ms)

========================================================================
Received Import Request.
  Time since last request: 55.241640 seconds.
  path: Assets/Scripts/PlayerMovement Scripts
  artifactKey: Guid(803e624939df3e649b59b644b741cddc) Importer(815301076,1909f56bfc062723c751e8b465ee728b)
Start importing Assets/Scripts/PlayerMovement Scripts using Guid(803e624939df3e649b59b644b741cddc) Importer(815301076,1909f56bfc062723c751e8b465ee728b)  -> (artifact id: '437e5fd2e9292b9c8107285b61474c8d') in 0.008430 seconds
  Import took 0.012410 seconds .

========================================================================
Received Import Request.
  Time since last request: 17.876631 seconds.
  path: Assets/Prefabs/Dog.prefab
  artifactKey: Guid(33f0c8612060b6047943642784533435) Importer(815301076,1909f56bfc062723c751e8b465ee728b)
Start importing Assets/Prefabs/Dog.prefab using Guid(33f0c8612060b6047943642784533435) Importer(815301076,1909f56bfc062723c751e8b465ee728b)  -> (artifact id: '32efe92eb78f9a05026f8cb271a13f50') in 0.075896 seconds
  Import took 0.079469 seconds .

========================================================================
Received Prepare
Registering precompiled user dll's ...
Registered in 0.108618 seconds.
Begin MonoManager ReloadAssembly
Native extension for WindowsStandalone target not found
Native extension for WebGL target not found
Refreshing native plugins compatible for Editor in 0.73 ms, found 3 plugins.
Preloading 0 native plugins for Editor in 0.00 ms.
Mono: successfully reloaded assembly
- Completed reload, in  0.897 seconds
Platform modules already initialized, skipping
Refreshing native plugins compatible for Editor in 0.68 ms, found 3 plugins.
Preloading 0 native plugins for Editor in 0.00 ms.
Unloading 2586 Unused Serialized files (Serialized files now loaded: 0)
System memory in use before: 109.2 MB.
System memory in use after: 109.4 MB.

Unloading 52 unused Assets to reduce memory usage. Loaded Objects now: 3024.
Total: 5.630100 ms (FindLiveObjects: 0.245700 ms CreateObjectMapping: 0.171600 ms MarkObjects: 5.186300 ms  DeleteObjects: 0.025500 ms)

========================================================================
Received Prepare
Registering precompiled user dll's ...
Registered in 0.004418 seconds.
Begin MonoManager ReloadAssembly
Native extension for WindowsStandalone target not found
Native extension for WebGL target not found
Refreshing native plugins compatible for Editor in 0.68 ms, found 3 plugins.
Preloading 0 native plugins for Editor in 0.00 ms.
Mono: successfully reloaded assembly
- Completed reload, in  0.864 seconds
Platform modules already initialized, skipping
Refreshing native plugins compatible for Editor in 0.70 ms, found 3 plugins.
Preloading 0 native plugins for Editor in 0.00 ms.
Unloading 2586 Unused Serialized files (Serialized files now loaded: 0)
System memory in use before: 109.2 MB.
System memory in use after: 109.4 MB.

Unloading 52 unused Assets to reduce memory usage. Loaded Objects now: 3028.
Total: 4.586900 ms (FindLiveObjects: 0.203700 ms CreateObjectMapping: 0.101400 ms MarkObjects: 4.261300 ms  DeleteObjects: 0.019600 ms)

========================================================================
Received Prepare
Registering precompiled user dll's ...
Registered in 0.004359 seconds.
Begin MonoManager ReloadAssembly
Native extension for WindowsStandalone target not found
Native extension for WebGL target not found
Refreshing native plugins compatible for Editor in 0.67 ms, found 3 plugins.
Preloading 0 native plugins for Editor in 0.00 ms.
Mono: successfully reloaded assembly
- Completed reload, in  0.870 seconds
Platform modules already initialized, skipping
Refreshing native plugins compatible for Editor in 0.68 ms, found 3 plugins.
Preloading 0 native plugins for Editor in 0.00 ms.
Unloading 2586 Unused Serialized files (Serialized files now loaded: 0)
System memory in use before: 109.1 MB.
System memory in use after: 109.3 MB.

Unloading 52 unused Assets to reduce memory usage. Loaded Objects now: 3032.
Total: 4.863700 ms (FindLiveObjects: 0.221200 ms CreateObjectMapping: 0.107200 ms MarkObjects: 4.501200 ms  DeleteObjects: 0.033400 ms)

========================================================================
Received Prepare
Registering precompiled user dll's ...
Registered in 0.004611 seconds.
Begin MonoManager ReloadAssembly
Native extension for WindowsStandalone target not found
Native extension for WebGL target not found
Refreshing native plugins compatible for Editor in 0.68 ms, found 3 plugins.
Preloading 0 native plugins for Editor in 0.00 ms.
Mono: successfully reloaded assembly
- Completed reload, in  0.894 seconds
Platform modules already initialized, skipping
Refreshing native plugins compatible for Editor in 0.68 ms, found 3 plugins.
Preloading 0 native plugins for Editor in 0.00 ms.
Unloading 2586 Unused Serialized files (Serialized files now loaded: 0)
System memory in use before: 109.2 MB.
System memory in use after: 109.4 MB.

Unloading 52 unused Assets to reduce memory usage. Loaded Objects now: 3036.
Total: 5.231100 ms (FindLiveObjects: 0.371300 ms CreateObjectMapping: 0.126300 ms MarkObjects: 4.703300 ms  DeleteObjects: 0.029300 ms)

========================================================================
Received Prepare
Registering precompiled user dll's ...
Registered in 0.005823 seconds.
Begin MonoManager ReloadAssembly
Native extension for WindowsStandalone target not found
Native extension for WebGL target not found
Refreshing native plugins compatible for Editor in 0.68 ms, found 3 plugins.
Preloading 0 native plugins for Editor in 0.00 ms.
Mono: successfully reloaded assembly
- Completed reload, in  0.892 seconds
Platform modules already initialized, skipping
Refreshing native plugins compatible for Editor in 0.68 ms, found 3 plugins.
Preloading 0 native plugins for Editor in 0.00 ms.
Unloading 2586 Unused Serialized files (Serialized files now loaded: 0)
System memory in use before: 109.2 MB.
System memory in use after: 109.4 MB.

Unloading 52 unused Assets to reduce memory usage. Loaded Objects now: 3040.
Total: 4.841100 ms (FindLiveObjects: 0.227300 ms CreateObjectMapping: 0.119300 ms MarkObjects: 4.468100 ms  DeleteObjects: 0.025200 ms)

========================================================================
Received Import Request.
  Time since last request: 1296.228323 seconds.
  path: Assets/Scripts/Player Functionalities/CreatureUI.cs
  artifactKey: Guid(5ba9bb2500c56fd47b75c63e5c3165b6) Importer(815301076,1909f56bfc062723c751e8b465ee728b)
Start importing Assets/Scripts/Player Functionalities/CreatureUI.cs using Guid(5ba9bb2500c56fd47b75c63e5c3165b6) Importer(815301076,1909f56bfc062723c751e8b465ee728b)  -> (artifact id: '552edce8261e06c4405166dcdcc46508') in 0.010799 seconds
  Import took 0.015133 seconds .

========================================================================
Received Import Request.
  Time since last request: 0.000475 seconds.
  path: Assets/Scripts/Player Functionalities/CreatureUI.cs
  artifactKey: Guid(5ba9bb2500c56fd47b75c63e5c3165b6) Importer(815301076,1909f56bfc062723c751e8b465ee728b)
Start importing Assets/Scripts/Player Functionalities/CreatureUI.cs using Guid(5ba9bb2500c56fd47b75c63e5c3165b6) Importer(815301076,1909f56bfc062723c751e8b465ee728b)  -> (artifact id: '552edce8261e06c4405166dcdcc46508') in 0.001909 seconds
  Import took 0.005216 seconds .

========================================================================
Received Prepare
Registering precompiled user dll's ...
Registered in 0.004614 seconds.
Begin MonoManager ReloadAssembly
Native extension for WindowsStandalone target not found
Native extension for WebGL target not found
Refreshing native plugins compatible for Editor in 0.68 ms, found 3 plugins.
Preloading 0 native plugins for Editor in 0.00 ms.
Mono: successfully reloaded assembly
- Completed reload, in  0.864 seconds
Platform modules already initialized, skipping
Refreshing native plugins compatible for Editor in 0.67 ms, found 3 plugins.
Preloading 0 native plugins for Editor in 0.00 ms.
Unloading 2587 Unused Serialized files (Serialized files now loaded: 0)
System memory in use before: 109.2 MB.
System memory in use after: 109.5 MB.

Unloading 52 unused Assets to reduce memory usage. Loaded Objects now: 3045.
Total: 4.742800 ms (FindLiveObjects: 0.194800 ms CreateObjectMapping: 0.088600 ms MarkObjects: 4.435900 ms  DeleteObjects: 0.022900 ms)

========================================================================
Received Import Request.
  Time since last request: 1074.592680 seconds.
  path: Assets/Scripts/Inventory Scripts
  artifactKey: Guid(c38ce0e50cc0ba14daf2232ac2dd7e13) Importer(815301076,1909f56bfc062723c751e8b465ee728b)
Start importing Assets/Scripts/Inventory Scripts using Guid(c38ce0e50cc0ba14daf2232ac2dd7e13) Importer(815301076,1909f56bfc062723c751e8b465ee728b)  -> (artifact id: 'e40a8cd7b37869055a60628e33095a7b') in 0.011014 seconds
  Import took 0.015113 seconds .

AssetImportWorkerClient::OnTransportError - code=2 error=End of file
